--------------------------------------------------------------------------------
Release 14.7 Trace  (lin64)
Copyright (c) 1995-2013 Xilinx, Inc.  All rights reserved.

/opt/Xilinx/14.7/ISE_DS/ISE/bin/lin64/unwrapped/trce -intstyle ise -v 3 -s 5 -n
3 -fastpaths -xml deney4vhdl2022.twx deney4vhdl2022.ncd -o deney4vhdl2022.twr
deney4vhdl2022.pcf -ucf deney4pin22.ucf

Design file:              deney4vhdl2022.ncd
Physical constraint file: deney4vhdl2022.pcf
Device,package,speed:     xc3s100e,cp132,-5 (PRODUCTION 1.27 2013-10-13)
Report level:             verbose report

Environment Variable      Effect 
--------------------      ------ 
NONE                      No environment variables were set
--------------------------------------------------------------------------------

INFO:Timing:2698 - No timing constraints found, doing default enumeration.
INFO:Timing:3412 - To improve timing, see the Timing Closure User Guide (UG612).
INFO:Timing:2752 - To get complete path coverage, use the unconstrained paths 
   option. All paths that are not constrained will be reported in the 
   unconstrained paths section(s) of the report.
INFO:Timing:3339 - The clock-to-out numbers in this timing report are based on 
   a 50 Ohm transmission line loading model.  For the details of this model, 
   and for more information on accounting for different loading conditions, 
   please see the device datasheet.
INFO:Timing:3390 - This architecture does not support a default System Jitter 
   value, please add SYSTEM_JITTER constraint to the UCF to modify the Clock 
   Uncertainty calculation.
INFO:Timing:3389 - This architecture does not support 'Discrete Jitter' and 
   'Phase Error' calculations, these terms will be zero in the Clock 
   Uncertainty calculation.  Please make appropriate modification to 
   SYSTEM_JITTER to account for the unsupported Discrete Jitter and Phase 
   Error.



Data Sheet report:
-----------------
All values displayed in nanoseconds (ns)

Pad to Pad
---------------+---------------+---------+
Source Pad     |Destination Pad|  Delay  |
---------------+---------------+---------+
A<0>           |S<0>           |    6.367|
A<0>           |S<1>           |    6.866|
A<0>           |S<2>           |    6.422|
A<0>           |S<3>           |    6.440|
A<0>           |S<4>           |    6.740|
A<0>           |S<5>           |    6.629|
A<0>           |S<6>           |    6.881|
A<1>           |S<0>           |    8.341|
A<1>           |S<1>           |    8.792|
A<1>           |S<2>           |    8.348|
A<1>           |S<3>           |    8.358|
A<1>           |S<4>           |    8.126|
A<1>           |S<5>           |    8.499|
A<1>           |S<6>           |    8.751|
A<2>           |S<0>           |    7.455|
A<2>           |S<1>           |    8.049|
A<2>           |S<2>           |    7.605|
A<2>           |S<3>           |    7.478|
A<2>           |S<4>           |    6.981|
A<2>           |S<5>           |    7.778|
A<2>           |S<6>           |    8.030|
A<3>           |S<0>           |    7.451|
A<3>           |S<1>           |    8.083|
A<3>           |S<2>           |    7.639|
A<3>           |S<3>           |    7.501|
A<3>           |S<4>           |    7.743|
A<3>           |S<5>           |    7.841|
A<3>           |S<6>           |    8.093|
---------------+---------------+---------+


Analysis completed Wed Apr 19 07:38:06 2023 
--------------------------------------------------------------------------------

Trace Settings:
-------------------------
Trace Settings 

Peak Memory Usage: 333 MB



