Running: /opt/Xilinx/14.7/ISE_DS/ISE/bin/lin64/unwrapped/fuse -intstyle ise -incremental -o /home/ise/C_DRIVE/XilinxS/deney2vhdl2022/vhdltest_isim_beh.exe -prj /home/ise/C_DRIVE/XilinxS/deney2vhdl2022/vhdltest_beh.prj work.vhdltest 
ISim P.20131013 (signature 0xfbc00daa)
Number of CPUs detected in this system: 1
Turning on mult-threading, number of parallel sub-compilation jobs: 0 
Determining compilation order of HDL files
Parsing VHDL file "/home/ise/C_DRIVE/XilinxS/deney2vhdl2022/vhdlsch.vhd" into library work
Parsing VHDL file "/home/ise/C_DRIVE/XilinxS/deney2vhdl2022/vhdltest.vhd" into library work
Starting static elaboration
Completed static elaboration
Fuse Memory Usage: 112876 KB
Fuse CPU Usage: 420 ms
Compiling package standard
Compiling package std_logic_1164
Compiling package numeric_std
Compiling package vcomponents
Compiling architecture behavioral of entity vhdlsch [vhdlsch_default]
Compiling architecture behavior of entity vhdltest
Time Resolution for simulation is 1ps.
Compiled 7 VHDL Units
Built simulation executable /home/ise/C_DRIVE/XilinxS/deney2vhdl2022/vhdltest_isim_beh.exe
Fuse Memory Usage: 128240 KB
Fuse CPU Usage: 530 ms
GCC CPU Usage: 1170 ms
