Release 14.7 Map P.20131013 (lin64)
Xilinx Mapping Report File for Design 'sch'

Design Information
------------------
Command Line   : map -intstyle ise -p xc3s250e-cp132-5 -cm area -ir off -pr off
-c 100 -o sch_map.ncd sch.ngd sch.pcf 
Target Device  : xc3s250e
Target Package : cp132
Target Speed   : -5
Mapper Version : spartan3e -- $Revision: 1.55 $
Mapped Date    : Thu Mar 30 18:47:32 2023

Design Summary
--------------
Number of errors   :   1
Number of warnings :   0

Section 1 - Errors
------------------
ERROR:Security:9c - No 'ISE' nor 'WebPack' feature version 2013.10 was available
for part 'xc3s250e'.
ERROR:Map:258 - A problem was encountered attempting to get the license for this
   architecture. 

Section 2 - Warnings
--------------------

Section 3 - Informational
-------------------------
INFO:Security:54 - 'xc3s250e' is a WebPack part.
INFO:Security:7 - A feature for ISE was found but is for the wrong hostid.
INFO:Security:61 - The XILINXD_LICENSE_FILE environment variable is not set.
INFO:Security:63 - The LM_LICENSE_FILE environment variable is not set.
INFO:Security:68 - For more information or for assistance in obtaining 
INFO:Security:68a - user is ise, on host localhost.localdomain.
